# JRE version: OpenJDK Runtime Environment (8.0_121-b13) (build 1.8.0_121-8u121-b13-0ubuntu1.16.04.2-b13)
# Java VM: OpenJDK 64-Bit Server VM (25.121-b13 mixed mode linux-amd64 compressed oops)
Heap:
 PSYoungGen      total 33280K, used 18678K [0x00000000d6d00000, 0x00000000d9780000, 0x0000000100000000)
  eden space 28160K, 48% used [0x00000000d6d00000,0x00000000d7a557e0,0x00000000d8880000)
  from space 5120K, 98% used [0x00000000d8900000,0x00000000d8de8040,0x00000000d8e00000)
  to   space 7680K, 0% used [0x00000000d9000000,0x00000000d9000000,0x00000000d9780000)
 ParOldGen       total 84992K, used 15065K [0x0000000084600000, 0x0000000089900000, 0x00000000d6d00000)
  object space 84992K, 17% used [0x0000000084600000,0x00000000854b67f8,0x0000000089900000)
 Metaspace       used 16145K, capacity 16278K, committed 16640K, reserved 1064960K
  class space    used 1954K, capacity 2014K, committed 2048K, reserved 1048576K
GC Heap History (10 events):
Event: 22.633 GC heap before
{Heap before GC invocations=48 (full 3):
 PSYoungGen      total 37376K, used 35459K [0x00000000d6d00000, 0x00000000d9900000, 0x0000000100000000)
  eden space 30720K, 99% used [0x00000000d6d00000,0x00000000d8ab8cc8,0x00000000d8b00000)
  from space 6656K, 75% used [0x00000000d9280000,0x00000000d9768040,0x00000000d9900000)
  to   space 7168K, 0% used [0x00000000d8b00000,0x00000000d8b00000,0x00000000d9200000)
 ParOldGen       total 84992K, used 8865K [0x0000000084600000, 0x0000000089900000, 0x00000000d6d00000)
  object space 84992K, 10% used [0x0000000084600000,0x0000000084ea87a8,0x0000000089900000)
 Metaspace       used 16140K, capacity 16278K, committed 16640K, reserved 1064960K
  class space    used 1954K, capacity 2014K, committed 2048K, reserved 1048576K
Event: 22.635 GC heap after
Heap after GC invocations=48 (full 3):
 PSYoungGen      total 37376K, used 5056K [0x00000000d6d00000, 0x00000000d9980000, 0x0000000100000000)
  eden space 30208K, 0% used [0x00000000d6d00000,0x00000000d6d00000,0x00000000d8a80000)
  from space 7168K, 70% used [0x00000000d8b00000,0x00000000d8ff0040,0x00000000d9200000)
  to   space 7680K, 0% used [0x00000000d9200000,0x00000000d9200000,0x00000000d9980000)
 ParOldGen       total 84992K, used 10129K [0x0000000084600000, 0x0000000089900000, 0x00000000d6d00000)
  object space 84992K, 11% used [0x0000000084600000,0x0000000084fe47b8,0x0000000089900000)
 Metaspace       used 16140K, capacity 16278K, committed 16640K, reserved 1064960K
  class space    used 1954K, capacity 2014K, committed 2048K, reserved 1048576K
}
Event: 22.965 GC heap before
{Heap before GC invocations=49 (full 3):
 PSYoungGen      total 37376K, used 34245K [0x00000000d6d00000, 0x00000000d9980000, 0x0000000100000000)
  eden space 30208K, 96% used [0x00000000d6d00000,0x00000000d8981668,0x00000000d8a80000)
  from space 7168K, 70% used [0x00000000d8b00000,0x00000000d8ff0040,0x00000000d9200000)
  to   space 7680K, 0% used [0x00000000d9200000,0x00000000d9200000,0x00000000d9980000)
 ParOldGen       total 84992K, used 10129K [0x0000000084600000, 0x0000000089900000, 0x00000000d6d00000)
  object space 84992K, 11% used [0x0000000084600000,0x0000000084fe47b8,0x0000000089900000)
 Metaspace       used 16140K, capacity 16278K, committed 16640K, reserved 1064960K
  class space    used 1954K, capacity 2014K, committed 2048K, reserved 1048576K
Event: 22.966 GC heap after
Heap after GC invocations=49 (full 3):
 PSYoungGen      total 36864K, used 2388K [0x00000000d6d00000, 0x00000000d9900000, 0x0000000100000000)
  eden space 29696K, 0% used [0x00000000d6d00000,0x00000000d6d00000,0x00000000d8a00000)
  from space 7168K, 33% used [0x00000000d9200000,0x00000000d9455040,0x00000000d9900000)
  to   space 7680K, 0% used [0x00000000d8a00000,0x00000000d8a00000,0x00000000d9180000)
 ParOldGen       total 84992K, used 11369K [0x0000000084600000, 0x0000000089900000, 0x00000000d6d00000)
  object space 84992K, 13% used [0x0000000084600000,0x000000008511a7c8,0x0000000089900000)
 Metaspace       used 16140K, capacity 16278K, committed 16640K, reserved 1064960K
  class space    used 1954K, capacity 2014K, committed 2048K, reserved 1048576K
}
Event: 23.265 GC heap before
{Heap before GC invocations=50 (full 3):
 PSYoungGen      total 36864K, used 30943K [0x00000000d6d00000, 0x00000000d9900000, 0x0000000100000000)
  eden space 29696K, 96% used [0x00000000d6d00000,0x00000000d88e2c38,0x00000000d8a00000)
  from space 7168K, 33% used [0x00000000d9200000,0x00000000d9455040,0x00000000d9900000)
  to   space 7680K, 0% used [0x00000000d8a00000,0x00000000d8a00000,0x00000000d9180000)
 ParOldGen       total 84992K, used 11369K [0x0000000084600000, 0x0000000089900000, 0x00000000d6d00000)
  object space 84992K, 13% used [0x0000000084600000,0x000000008511a7c8,0x0000000089900000)
 Metaspace       used 16140K, capacity 16278K, committed 16640K, reserved 1064960K
  class space    used 1954K, capacity 2014K, committed 2048K, reserved 1048576K
Event: 23.267 GC heap after
Heap after GC invocations=50 (full 3):
 PSYoungGen      total 34304K, used 5056K [0x00000000d6d00000, 0x00000000d9880000, 0x0000000100000000)
  eden space 29184K, 0% used [0x00000000d6d00000,0x00000000d6d00000,0x00000000d8980000)
  from space 5120K, 98% used [0x00000000d8a00000,0x00000000d8ef0040,0x00000000d8f00000)
  to   space 7680K, 0% used [0x00000000d9100000,0x00000000d9100000,0x00000000d9880000)
 ParOldGen       total 84992K, used 12609K [0x0000000084600000, 0x0000000089900000, 0x00000000d6d00000)
  object space 84992K, 14% used [0x0000000084600000,0x00000000852507d8,0x0000000089900000)
 Metaspace       used 16140K, capacity 16278K, committed 16640K, reserved 1064960K
  class space    used 1954K, capacity 2014K, committed 2048K, reserved 1048576K
}
Event: 23.596 GC heap before
{Heap before GC invocations=51 (full 3):
 PSYoungGen      total 34304K, used 34188K [0x00000000d6d00000, 0x00000000d9880000, 0x0000000100000000)
  eden space 29184K, 99% used [0x00000000d6d00000,0x00000000d8973378,0x00000000d8980000)
  from space 5120K, 98% used [0x00000000d8a00000,0x00000000d8ef0040,0x00000000d8f00000)
  to   space 7680K, 0% used [0x00000000d9100000,0x00000000d9100000,0x00000000d9880000)
 ParOldGen       total 84992K, used 12609K [0x0000000084600000, 0x0000000089900000, 0x00000000d6d00000)
  object space 84992K, 14% used [0x0000000084600000,0x00000000852507d8,0x0000000089900000)
 Metaspace       used 16140K, capacity 16278K, committed 16640K, reserved 1064960K
  class space    used 1954K, capacity 2014K, committed 2048K, reserved 1048576K
Event: 23.598 GC heap after
Heap after GC invocations=51 (full 3):
 PSYoungGen      total 35840K, used 2324K [0x00000000d6d00000, 0x00000000d9800000, 0x0000000100000000)
  eden space 28672K, 0% used [0x00000000d6d00000,0x00000000d6d00000,0x00000000d8900000)
  from space 7168K, 32% used [0x00000000d9100000,0x00000000d9345040,0x00000000d9800000)
  to   space 7680K, 0% used [0x00000000d8900000,0x00000000d8900000,0x00000000d9080000)
 ParOldGen       total 84992K, used 13833K [0x0000000084600000, 0x0000000089900000, 0x00000000d6d00000)
  object space 84992K, 16% used [0x0000000084600000,0x00000000853827e8,0x0000000089900000)
 Metaspace       used 16140K, capacity 16278K, committed 16640K, reserved 1064960K
  class space    used 1954K, capacity 2014K, committed 2048K, reserved 1048576K
}
Event: 23.893 GC heap before
{Heap before GC invocations=52 (full 3):
 PSYoungGen      total 35840K, used 30687K [0x00000000d6d00000, 0x00000000d9800000, 0x0000000100000000)
  eden space 28672K, 98% used [0x00000000d6d00000,0x00000000d88b2c50,0x00000000d8900000)
  from space 7168K, 32% used [0x00000000d9100000,0x00000000d9345040,0x00000000d9800000)
  to   space 7680K, 0% used [0x00000000d8900000,0x00000000d8900000,0x00000000d9080000)
 ParOldGen       total 84992K, used 13833K [0x0000000084600000, 0x0000000089900000, 0x00000000d6d00000)
  object space 84992K, 16% used [0x0000000084600000,0x00000000853827e8,0x0000000089900000)
 Metaspace       used 16141K, capacity 16278K, committed 16640K, reserved 1064960K
  class space    used 1954K, capacity 2014K, committed 2048K, reserved 1048576K
Event: 23.895 GC heap after
Heap after GC invocations=52 (full 3):
 PSYoungGen      total 33280K, used 5024K [0x00000000d6d00000, 0x00000000d9780000, 0x0000000100000000)
  eden space 28160K, 0% used [0x00000000d6d00000,0x00000000d6d00000,0x00000000d8880000)
  from space 5120K, 98% used [0x00000000d8900000,0x00000000d8de8040,0x00000000d8e00000)
  to   space 7680K, 0% used [0x00000000d9000000,0x00000000d9000000,0x00000000d9780000)
 ParOldGen       total 84992K, used 15065K [0x0000000084600000, 0x0000000089900000, 0x00000000d6d00000)
  object space 84992K, 17% used [0x0000000084600000,0x00000000854b67f8,0x0000000089900000)
 Metaspace       used 16141K, capacity 16278K, committed 16640K, reserved 1064960K
  class space    used 1954K, capacity 2014K, committed 2048K, reserved 1048576K
}

